//----------------------------------------------------------------------------//
// Generated by LegUp High-Level Synthesis Tool Version 4.0 (http://legup.org)
// Compiled: Sun Jul 26 12:56:54 2015
// University of Toronto
// For research and academic purposes only. Commercial use is prohibited.
// Please send bugs to: legup@eecg.toronto.edu
// Date: Fri Apr 26 09:39:03 2019
//----------------------------------------------------------------------------//

--------------------------------------------------------------------------------
Function: main
--------------------------------------------------------------------------------
Function unit type:           Number Required               
elaine_512_golden_output_local_mem_dual_port1                             
elaine_512_input_local_mem_dual_port1                             
output_image_local_mem_dual_port1                             
prev_prev_row_local_mem_dual_port2                             
prev_row_local_mem_dual_port  2                             

Running Bipartite Weighted Matching on function: main
State: pipeline_time_0
Binding functional unit type: elaine_512_input_local_mem_dual_port
Weight matrix for operation/function unit matching:
                                                  main_elaine_512_input_local_mem_dual_port_0
  %6 = load i8* %5, align 1, !... (idx: 0)        10                            
Solving Bipartite Weighted Matching (minimize weights)...
Assignment matrix after operation/function unit matching:
                                                  main_elaine_512_input_local_mem_dual_port_0
  %6 = load i8* %5, align 1, !... (idx: 0)        1                             
Checking that every operator was assigned to a functional unit...yes
Binding operator -> functional unit assignments:
  %6 = load i8* %5, align 1, !... (idx: 0) -> main_elaine_512_input_local_mem_dual_port_0 (mux inputs: 1)
State: pipeline_time_0
Binding functional unit type: output_image_local_mem_dual_port
Weight matrix for operation/function unit matching:
                                                  main_output_image_local_mem_dual_port_0
  store i8 %59, i8* %60, align... (idx: 0)        20                            
Solving Bipartite Weighted Matching (minimize weights)...
Assignment matrix after operation/function unit matching:
                                                  main_output_image_local_mem_dual_port_0
  store i8 %59, i8* %60, align... (idx: 0)        1                             
Checking that every operator was assigned to a functional unit...yes
Binding operator -> functional unit assignments:
  store i8 %59, i8* %60, align... (idx: 0) -> main_output_image_local_mem_dual_port_0 (mux inputs: 2)
State: pipeline_time_0
Binding functional unit type: prev_prev_row_local_mem_dual_port
Weight matrix for operation/function unit matching:
                                                  main_prev_prev_row_local_mem_dual_port_0main_prev_prev_row_local_mem_dual_port_1
  %10 = load i8* %9, align 1, ... (idx: 0)        10                            10                            
  store i8 %8, i8* %9, align 1... (idx: 1)        20                            20                            
Solving Bipartite Weighted Matching (minimize weights)...
Assignment matrix after operation/function unit matching:
                                                  main_prev_prev_row_local_mem_dual_port_0main_prev_prev_row_local_mem_dual_port_1
  %10 = load i8* %9, align 1, ... (idx: 0)        1                             0                             
  store i8 %8, i8* %9, align 1... (idx: 1)        0                             1                             
Checking that every operator was assigned to a functional unit...yes
Binding operator -> functional unit assignments:
  %10 = load i8* %9, align 1, ... (idx: 0) -> main_prev_prev_row_local_mem_dual_port_0 (mux inputs: 1)
  store i8 %8, i8* %9, align 1... (idx: 1) -> main_prev_prev_row_local_mem_dual_port_1 (mux inputs: 2)
State: pipeline_time_0
Binding functional unit type: prev_row_local_mem_dual_port
Weight matrix for operation/function unit matching:
                                                  main_prev_row_local_mem_dual_port_0main_prev_row_local_mem_dual_port_1
  %8 = load i8* %7, align 1, !... (idx: 0)        10                            10                            
  store i8 %6, i8* %7, align 1... (idx: 1)        20                            20                            
Solving Bipartite Weighted Matching (minimize weights)...
Assignment matrix after operation/function unit matching:
                                                  main_prev_row_local_mem_dual_port_0main_prev_row_local_mem_dual_port_1
  %8 = load i8* %7, align 1, !... (idx: 0)        1                             0                             
  store i8 %6, i8* %7, align 1... (idx: 1)        0                             1                             
Checking that every operator was assigned to a functional unit...yes
Binding operator -> functional unit assignments:
  %8 = load i8* %7, align 1, !... (idx: 0) -> main_prev_row_local_mem_dual_port_0 (mux inputs: 1)
  store i8 %6, i8* %7, align 1... (idx: 1) -> main_prev_row_local_mem_dual_port_1 (mux inputs: 2)
State: LEGUP_F_main_BB__69
Binding functional unit type: elaine_512_golden_output_local_mem_dual_port
Weight matrix for operation/function unit matching:
                                                  main_elaine_512_golden_output_local_mem_dual_port_0
  %72 = load i8* %scevgep, ali... (idx: 0)        10                            
Solving Bipartite Weighted Matching (minimize weights)...
Assignment matrix after operation/function unit matching:
                                                  main_elaine_512_golden_output_local_mem_dual_port_0
  %72 = load i8* %scevgep, ali... (idx: 0)        1                             
Checking that every operator was assigned to a functional unit...yes
Binding operator -> functional unit assignments:
  %72 = load i8* %scevgep, ali... (idx: 0) -> main_elaine_512_golden_output_local_mem_dual_port_0 (mux inputs: 1)
State: LEGUP_F_main_BB__69
Binding functional unit type: output_image_local_mem_dual_port
Weight matrix for operation/function unit matching:
  %71 = load i8* %scevgep2, al... can share an output register with another operation already assigned to main_output_image_local_mem_dual_port_0
                                                  main_output_image_local_mem_dual_port_0
  %71 = load i8* %scevgep2, al... (idx: 0)        7                             
Solving Bipartite Weighted Matching (minimize weights)...
Assignment matrix after operation/function unit matching:
                                                  main_output_image_local_mem_dual_port_0
  %71 = load i8* %scevgep2, al... (idx: 0)        1                             
Checking that every operator was assigned to a functional unit...yes
Binding operator -> functional unit assignments:
  %71 = load i8* %scevgep2, al... (idx: 0) -> main_output_image_local_mem_dual_port_0 (mux inputs: 3)

