//----------------------------------------------------------------------------//
// Generated by LegUp High-Level Synthesis Tool Version 4.0 (http://legup.org)
// Compiled: Sun Jul 26 12:56:54 2015
// University of Toronto
// For research and academic purposes only. Commercial use is prohibited.
// Please send bugs to: legup@eecg.toronto.edu
// Date: Fri Apr 26 09:39:08 2019
//----------------------------------------------------------------------------//

-------------------------- Datapath Operation Usage --------------------------

Operation "unknown" x 76 
Operation "signed_add_32" x 18 
Operation "signed_comp_eq_32" x 13 
Operation "signed_comp_eq_8" x 1 
Operation "signed_comp_eq_mux_32" x 11 
Operation "signed_comp_eq_mux_8" x 1 
Operation "signed_comp_gt_32" x 3 
Operation "signed_comp_lt_32" x 3 
Operation "signed_multiply_32" x 2 
Operation "signed_subtract_32" x 7 
Operation "unsigned_comp_gt_32" x 1 

----------------------------- General Information -----------------------------

Number of declared variables in main: 112
Critical path contains operation: signed_multiply_32

------------------------------ Resource Estimate ------------------------------

Fmax: 341 MHz
Note: Assuming only 128 DSPs available
Warning: These estimates don't account for binding yet!
Logic Elements: 2741
    Combinational: 1389
    Registers: 2528
DSP Elements: 8
