//----------------------------------------------------------------------------//
// Generated by LegUp High-Level Synthesis Tool Version 4.0 (http://legup.org)
// Compiled: Sun Jul 26 12:56:54 2015
// University of Toronto
// For research and academic purposes only. Commercial use is prohibited.
// Please send bugs to: legup@eecg.toronto.edu
// Date: Fri Apr 26 09:39:03 2019
//----------------------------------------------------------------------------//

-----------------Function: main---------------
-------------------------1---------------------------
-----------------Delay of path:3.03 ns---------------
-----------------State:LEGUP_F_main_BB__80_7-----------------
(1.59 ns) --- (1.59 ns) ---   %81 = add nsw i32 %70, 1
(1.44 ns) --- (3.03 ns) ---   %exitcond1 = icmp eq i32 %81, 512
(0.00 ns) --- (3.03 ns) ---   br i1 %exitcond1, label %82, label %69

-----------------Function: main---------------
-------------------------2---------------------------
-----------------Delay of path:3.03 ns---------------
-----------------State:LEGUP_F_main_BB__82_8-----------------
(1.59 ns) --- (1.59 ns) ---   %83 = add nsw i32 %68, 1
(1.44 ns) --- (3.03 ns) ---   %exitcond = icmp eq i32 %83, 512
(0.00 ns) --- (3.03 ns) ---   br i1 %exitcond, label %84, label %.preheader

-----------------Function: main---------------
-------------------------3---------------------------
-----------------Delay of path:2.84 ns---------------
-----------------State:LEGUP_F_main_BB__69_5-----------------
(1.25 ns) --- (1.25 ns) ---   %73 = icmp eq i8 %71, %72
(0.00 ns) --- (1.25 ns) ---   %74 = zext i1 %73 to i32
(1.59 ns) --- (2.84 ns) ---   %75 = add nsw i32 %74, %result.12

-----------------Function: main---------------
-------------------------4---------------------------
-----------------Delay of path:1.62 ns---------------
-----------------State:LEGUP_F_main_BB__88_11-----------------
(1.62 ns) --- (1.62 ns) ---   %89 = sub nsw i32 262144, %75
(0.00 ns) --- (1.62 ns) ---   %90 = tail call i32 (i8*, ...)* @printf(i8* getelementptr inbounds ([26 x i8]* @.str7, i32 0, i32 0), i32 %89) #2

-----------------Function: main---------------
-------------------------5---------------------------
-----------------Delay of path:1.59 ns---------------
-----------------State:LEGUP_F_main_BB__69_5-----------------
(1.59 ns) --- (1.59 ns) ---   %75 = add nsw i32 %74, %result.12

-----------------Function: main---------------
-------------------------6---------------------------
-----------------Delay of path:1.44 ns---------------
-----------------State:LEGUP_F_main_BB__84_9-----------------
(1.44 ns) --- (1.44 ns) ---   %85 = icmp eq i32 %75, 262144
(0.00 ns) --- (1.44 ns) ---   br i1 %85, label %86, label %88

-----------------Function: main---------------
-------------------------7---------------------------
-----------------Delay of path:1.25 ns---------------
-----------------State:LEGUP_F_main_BB__69_5-----------------
(1.25 ns) --- (1.25 ns) ---   %73 = icmp eq i8 %71, %72
(0.00 ns) --- (1.25 ns) ---   br i1 %73, label %80, label %76

-----------------Function: main---------------
-------------------------8---------------------------
-----------------Delay of path:0.00 ns---------------
-----------------State:LEGUP_F_main_BB_sobel_fast_pipelinedexit_2-----------------
(0.00 ns) --- (0.00 ns) ---   %67 = tail call i32 (i8*, ...)* @printf(i8* getelementptr inbounds ([15 x i8]* @.str4, i32 0, i32 0)) #2

-----------------Function: main---------------
-------------------------9---------------------------
-----------------Delay of path:0.00 ns---------------
-----------------State:LEGUP_F_main_BB_sobel_fast_pipelinedexit_2-----------------
(0.00 ns) --- (0.00 ns) ---   br label %.preheader

-----------------Function: main---------------
-------------------------10---------------------------
-----------------Delay of path:0.00 ns---------------
-----------------State:LEGUP_F_main_BB_preheader_3-----------------
(0.00 ns) --- (0.00 ns) ---   %result.04 = phi i32 [ 0, %sobel_fast_pipelined.exit ], [ %75, %82 ]


