//----------------------------------------------------------------------------//
// Generated by LegUp High-Level Synthesis Tool Version 4.0 (http://legup.org)
// Compiled: Sun Jul 26 12:56:54 2015
// University of Toronto
// For research and academic purposes only. Commercial use is prohibited.
// Please send bugs to: legup@eecg.toronto.edu
// Date: Sat Apr 20 05:40:22 2019
//----------------------------------------------------------------------------//

-----------------Function: main---------------
-------------------------1---------------------------
-----------------Delay of path:1.00 ns---------------
-----------------State:LEGUP_F_main_BB_preheaderi_6-----------------
(0.00 ns) --- (0.00 ns) ---   %12 = zext i8 %11 to i32
(1.00 ns) --- (1.00 ns) ---   %13 = mul nsw i32 %12, -2

-----------------Function: main---------------
-------------------------2---------------------------
-----------------Delay of path:1.00 ns---------------
-----------------State:LEGUP_F_main_BB_preheaderi_4-----------------
(1.00 ns) --- (1.00 ns) ---   %31 = add nsw i32 %3, 1

-----------------Function: main---------------
-------------------------3---------------------------
-----------------Delay of path:1.00 ns---------------
-----------------State:LEGUP_F_main_BB_preheaderi_4-----------------
(1.00 ns) --- (1.00 ns) ---   %15 = add nsw i32 %..i, 1

-----------------Function: main---------------
-------------------------4---------------------------
-----------------Delay of path:1.00 ns---------------
-----------------State:LEGUP_F_main_BB_preheaderi_4-----------------
(1.00 ns) --- (1.00 ns) ---   %6 = add nsw i32 %3, -1

-----------------Function: main---------------
-------------------------5---------------------------
-----------------Delay of path:1.00 ns---------------
-----------------State:LEGUP_F_main_BB_preheaderi_4-----------------
(1.00 ns) --- (1.00 ns) ---   %5 = add nsw i32 %..i, -1

-----------------Function: main---------------
-------------------------6---------------------------
-----------------Delay of path:1.00 ns---------------
-----------------State:LEGUP_F_main_BB_preheaderi_3-----------------
(1.00 ns) --- (1.00 ns) ---   %..i = select i1 %1, i32 1, i32 %4

-----------------Function: main---------------
-------------------------7---------------------------
-----------------Delay of path:1.00 ns---------------
-----------------State:LEGUP_F_main_BB_preheaderi_3-----------------
(1.00 ns) --- (1.00 ns) ---   %3 = add nsw i32 %2, %y.08.i

-----------------Function: main---------------
-------------------------8---------------------------
-----------------Delay of path:1.00 ns---------------
-----------------State:LEGUP_F_main_BB_preheaderi_2-----------------
(0.00 ns) --- (0.00 ns) ---   %indvar7 = phi i32 [ %indvar.next8, %.preheader..preheader_crit_edge.i ], [ 0, %0 ]
(1.00 ns) --- (1.00 ns) ---   %exitcond9 = icmp eq i32 %indvar7, 260099
(0.00 ns) --- (1.00 ns) ---   br i1 %exitcond9, label %.preheader.preheader, label %.preheader..preheader_crit_edge.i

-----------------Function: main---------------
-------------------------9---------------------------
-----------------Delay of path:1.00 ns---------------
-----------------State:LEGUP_F_main_BB_preheaderi_2-----------------
(0.00 ns) --- (0.00 ns) ---   %x.07.i = phi i32 [ %..i, %.preheader..preheader_crit_edge.i ], [ 0, %0 ]
(1.00 ns) --- (1.00 ns) ---   %4 = add nsw i32 %x.07.i, 1

-----------------Function: main---------------
-------------------------10---------------------------
-----------------Delay of path:1.00 ns---------------
-----------------State:LEGUP_F_main_BB_preheaderi_2-----------------
(0.00 ns) --- (0.00 ns) ---   %x.07.i = phi i32 [ %..i, %.preheader..preheader_crit_edge.i ], [ 0, %0 ]
(1.00 ns) --- (1.00 ns) ---   %1 = icmp eq i32 %x.07.i, 510
(0.00 ns) --- (1.00 ns) ---   %2 = zext i1 %1 to i32


