//----------------------------------------------------------------------------//
// Generated by LegUp High-Level Synthesis Tool Version 4.0 (http://legup.org)
// Compiled: Sun Jul 26 12:56:54 2015
// University of Toronto
// For research and academic purposes only. Commercial use is prohibited.
// Please send bugs to: legup@eecg.toronto.edu
// Date: Fri Apr 19 11:00:07 2019
//----------------------------------------------------------------------------//

-----------------Function: main---------------
-------------------------1---------------------------
-----------------Delay of path:8.98 ns---------------
-----------------State:LEGUP_F_main_BB__5_3-----------------
(0.00 ns) --- (0.00 ns) ---   %j.017.i = phi i32 [ 0, %.preheader1.i ], [ %.pre-phi, %.us-lcssa8.us.i ]
(2.50 ns) --- (2.50 ns) ---   %j.0.off.i = add i32 %j.017.i, -1
(3.12 ns) --- (5.62 ns) ---   %6 = icmp ugt i32 %j.0.off.i, 509
(0.00 ns) --- (5.62 ns) ---   %7 = zext i1 %6 to i32
(0.87 ns) --- (6.48 ns) ---   %8 = or i32 %7, %3
(2.49 ns) --- (8.98 ns) ---   %9 = icmp eq i32 %8, 0
(0.00 ns) --- (8.98 ns) ---   br i1 %9, label %.preheader.preheader.i, label %..us-lcssa8.us.i_crit_edge

-----------------Function: main---------------
-------------------------2---------------------------
-----------------Delay of path:7.40 ns---------------
-----------------State:LEGUP_F_main_BB_preheaderpreheaderi_10-----------------
(0.00 ns) --- (0.00 ns) ---   %17 = zext i8 %16 to i32
(2.40 ns) --- (2.40 ns) ---   %18 = sub i32 %17, %11
(2.50 ns) --- (4.90 ns) ---   %23 = add nsw i32 %22, %18
(2.50 ns) --- (7.40 ns) ---   %27 = add nsw i32 %26, %23

-----------------Function: main---------------
-------------------------3---------------------------
-----------------Delay of path:7.40 ns---------------
-----------------State:LEGUP_F_main_BB_preheaderpreheaderi_10-----------------
(2.40 ns) --- (2.40 ns) ---   %18 = sub i32 %17, %11
(2.50 ns) --- (4.90 ns) ---   %23 = add nsw i32 %22, %18
(2.50 ns) --- (7.40 ns) ---   %27 = add nsw i32 %26, %23

-----------------Function: main---------------
-------------------------4---------------------------
-----------------Delay of path:7.30 ns---------------
-----------------State:LEGUP_F_main_BB_preheaderpreheaderi_11-----------------
(0.00 ns) --- (0.00 ns) ---   %29 = zext i8 %28 to i32
(2.40 ns) --- (2.40 ns) ---   %31 = sub i32 %19, %29
(2.50 ns) --- (4.90 ns) ---   %35 = add nsw i32 %34, %31
(2.40 ns) --- (7.30 ns) ---   %39 = sub i32 %35, %37

-----------------Function: main---------------
-------------------------5---------------------------
-----------------Delay of path:7.30 ns---------------
-----------------State:LEGUP_F_main_BB_preheaderpreheaderi_11-----------------
(2.40 ns) --- (2.40 ns) ---   %31 = sub i32 %19, %29
(2.50 ns) --- (4.90 ns) ---   %35 = add nsw i32 %34, %31
(2.40 ns) --- (7.30 ns) ---   %39 = sub i32 %35, %37

-----------------Function: main---------------
-------------------------6---------------------------
-----------------Delay of path:5.62 ns---------------
-----------------State:LEGUP_F_main_BB_preheader1i_2-----------------
(0.00 ns) --- (0.00 ns) ---   %i.019.i = phi i32 [ 0, %0 ], [ %4, %50 ]
(2.50 ns) --- (2.50 ns) ---   %i.0.off.i = add i32 %i.019.i, -1
(3.12 ns) --- (5.62 ns) ---   %2 = icmp ugt i32 %i.0.off.i, 509
(0.00 ns) --- (5.62 ns) ---   %3 = zext i1 %2 to i32

-----------------Function: main---------------
-------------------------7---------------------------
-----------------Delay of path:4.99 ns---------------
-----------------State:LEGUP_F_main_BB_preheaderpreheaderi_10-----------------
(2.50 ns) --- (2.50 ns) ---   %23 = add nsw i32 %22, %18
(2.50 ns) --- (4.99 ns) ---   %27 = add nsw i32 %26, %23

-----------------Function: main---------------
-------------------------8---------------------------
-----------------Delay of path:4.99 ns---------------
-----------------State:LEGUP_F_main_BB_uslcssa8usi_12-----------------
(2.50 ns) --- (2.50 ns) ---   %.pre-phi = add nsw i32 %j.017.i, 1
(2.49 ns) --- (4.99 ns) ---   %exitcond25.i = icmp eq i32 %.pre-phi, 512
(0.00 ns) --- (4.99 ns) ---   br i1 %exitcond25.i, label %50, label %5

-----------------Function: main---------------
-------------------------9---------------------------
-----------------Delay of path:4.99 ns---------------
-----------------State:LEGUP_F_main_BB__51_17-----------------
(0.00 ns) --- (0.00 ns) ---   %j.02 = phi i32 [ 0, %.preheader ], [ %55, %51 ]
(2.50 ns) --- (2.50 ns) ---   %55 = add nsw i32 %j.02, 1
(2.49 ns) --- (4.99 ns) ---   %exitcond1 = icmp eq i32 %55, 512
(0.00 ns) --- (4.99 ns) ---   br i1 %exitcond1, label %56, label %51

-----------------Function: main---------------
-------------------------10---------------------------
-----------------Delay of path:4.99 ns---------------
-----------------State:LEGUP_F_main_BB__56_20-----------------
(2.50 ns) --- (2.50 ns) ---   %57 = add nsw i32 %i.04, 1
(2.49 ns) --- (4.99 ns) ---   %exitcond = icmp eq i32 %57, 512
(0.00 ns) --- (4.99 ns) ---   br i1 %exitcond, label %58, label %.preheader


