//----------------------------------------------------------------------------//
// Generated by LegUp High-Level Synthesis Tool Version 4.0 (http://legup.org)
// Compiled: Sun Jul 26 12:56:54 2015
// University of Toronto
// For research and academic purposes only. Commercial use is prohibited.
// Please send bugs to: legup@eecg.toronto.edu
// Date: Fri Apr 19 13:58:36 2019
//----------------------------------------------------------------------------//

--------------------------------------------------------------------------------
Function: main
--------------------------------------------------------------------------------
Function unit type:           Number Required               
elaine_512_golden_output_local_mem_dual_port1                             
elaine_512_input_local_mem_dual_port2                             
main_0_sobel_output_local_mem_dual_port1                             

Running Bipartite Weighted Matching on function: main
State: LEGUP_F_main_BB_preheaderi
Binding functional unit type: elaine_512_input_local_mem_dual_port
Weight matrix for operation/function unit matching:
                                                  main_elaine_512_input_local_mem_dual_port_0main_elaine_512_input_local_mem_dual_port_1
  %11 = load i8* %10, align 1,... (idx: 0)        10                            10                            
  %27 = load i8* %26, align 1,... (idx: 1)        10                            10                            
Solving Bipartite Weighted Matching (minimize weights)...
Assignment matrix after operation/function unit matching:
                                                  main_elaine_512_input_local_mem_dual_port_0main_elaine_512_input_local_mem_dual_port_1
  %11 = load i8* %10, align 1,... (idx: 0)        1                             0                             
  %27 = load i8* %26, align 1,... (idx: 1)        0                             1                             
Checking that every operator was assigned to a functional unit...yes
Binding operator -> functional unit assignments:
  %11 = load i8* %10, align 1,... (idx: 0) -> main_elaine_512_input_local_mem_dual_port_0 (mux inputs: 1)
  %27 = load i8* %26, align 1,... (idx: 1) -> main_elaine_512_input_local_mem_dual_port_1 (mux inputs: 1)
State: LEGUP_F_main_BB_preheaderi
Binding functional unit type: elaine_512_input_local_mem_dual_port
Weight matrix for operation/function unit matching:
  %8 = load i8* %7, align 1, !... can share an output register with another operation already assigned to main_elaine_512_input_local_mem_dual_port_0
  %8 = load i8* %7, align 1, !... can share an output register with another operation already assigned to main_elaine_512_input_local_mem_dual_port_1
  %17 = load i8* %16, align 1,... can share an output register with another operation already assigned to main_elaine_512_input_local_mem_dual_port_0
  %17 = load i8* %16, align 1,... can share an output register with another operation already assigned to main_elaine_512_input_local_mem_dual_port_1
                                                  main_elaine_512_input_local_mem_dual_port_0main_elaine_512_input_local_mem_dual_port_1
  %8 = load i8* %7, align 1, !... (idx: 0)        6                             6                             
  %17 = load i8* %16, align 1,... (idx: 1)        6                             6                             
Solving Bipartite Weighted Matching (minimize weights)...
Assignment matrix after operation/function unit matching:
                                                  main_elaine_512_input_local_mem_dual_port_0main_elaine_512_input_local_mem_dual_port_1
  %8 = load i8* %7, align 1, !... (idx: 0)        1                             0                             
  %17 = load i8* %16, align 1,... (idx: 1)        0                             1                             
Checking that every operator was assigned to a functional unit...yes
Binding operator -> functional unit assignments:
  %8 = load i8* %7, align 1, !... (idx: 0) -> main_elaine_512_input_local_mem_dual_port_0 (mux inputs: 2)
  %17 = load i8* %16, align 1,... (idx: 1) -> main_elaine_512_input_local_mem_dual_port_1 (mux inputs: 2)
State: LEGUP_F_main_BB_preheaderi
Binding functional unit type: elaine_512_input_local_mem_dual_port
Weight matrix for operation/function unit matching:
  %22 = load i8* %21, align 1,... can share an output register with another operation already assigned to main_elaine_512_input_local_mem_dual_port_0
  %22 = load i8* %21, align 1,... can share an output register with another operation already assigned to main_elaine_512_input_local_mem_dual_port_1
  %33 = load i8* %32, align 1,... can share an output register with another operation already assigned to main_elaine_512_input_local_mem_dual_port_0
  %33 = load i8* %32, align 1,... can share an output register with another operation already assigned to main_elaine_512_input_local_mem_dual_port_1
                                                  main_elaine_512_input_local_mem_dual_port_0main_elaine_512_input_local_mem_dual_port_1
  %22 = load i8* %21, align 1,... (idx: 0)        7                             7                             
  %33 = load i8* %32, align 1,... (idx: 1)        7                             7                             
Solving Bipartite Weighted Matching (minimize weights)...
Assignment matrix after operation/function unit matching:
                                                  main_elaine_512_input_local_mem_dual_port_0main_elaine_512_input_local_mem_dual_port_1
  %22 = load i8* %21, align 1,... (idx: 0)        1                             0                             
  %33 = load i8* %32, align 1,... (idx: 1)        0                             1                             
Checking that every operator was assigned to a functional unit...yes
Binding operator -> functional unit assignments:
  %22 = load i8* %21, align 1,... (idx: 0) -> main_elaine_512_input_local_mem_dual_port_0 (mux inputs: 3)
  %33 = load i8* %32, align 1,... (idx: 1) -> main_elaine_512_input_local_mem_dual_port_1 (mux inputs: 3)
State: LEGUP_F_main_BB_preheaderi
Binding functional unit type: elaine_512_input_local_mem_dual_port
Weight matrix for operation/function unit matching:
  %38 = load i8* %37, align 1,... can share an output register with another operation already assigned to main_elaine_512_input_local_mem_dual_port_0
  %38 = load i8* %37, align 1,... can share an output register with another operation already assigned to main_elaine_512_input_local_mem_dual_port_1
  %43 = load i8* %42, align 1,... can share an output register with another operation already assigned to main_elaine_512_input_local_mem_dual_port_0
  %43 = load i8* %42, align 1,... can share an output register with another operation already assigned to main_elaine_512_input_local_mem_dual_port_1
                                                  main_elaine_512_input_local_mem_dual_port_0main_elaine_512_input_local_mem_dual_port_1
  %38 = load i8* %37, align 1,... (idx: 0)        8                             8                             
  %43 = load i8* %42, align 1,... (idx: 1)        8                             8                             
Solving Bipartite Weighted Matching (minimize weights)...
Assignment matrix after operation/function unit matching:
                                                  main_elaine_512_input_local_mem_dual_port_0main_elaine_512_input_local_mem_dual_port_1
  %38 = load i8* %37, align 1,... (idx: 0)        1                             0                             
  %43 = load i8* %42, align 1,... (idx: 1)        0                             1                             
Checking that every operator was assigned to a functional unit...yes
Binding operator -> functional unit assignments:
  %38 = load i8* %37, align 1,... (idx: 0) -> main_elaine_512_input_local_mem_dual_port_0 (mux inputs: 4)
  %43 = load i8* %42, align 1,... (idx: 1) -> main_elaine_512_input_local_mem_dual_port_1 (mux inputs: 4)
State: LEGUP_F_main_BB_preheaderi
Binding functional unit type: main_0_sobel_output_local_mem_dual_port
Weight matrix for operation/function unit matching:
                                                  main_main_0_sobel_output_local_mem_dual_port_0
  store i8 %56, i8* %57, align... (idx: 0)        20                            
Solving Bipartite Weighted Matching (minimize weights)...
Assignment matrix after operation/function unit matching:
                                                  main_main_0_sobel_output_local_mem_dual_port_0
  store i8 %56, i8* %57, align... (idx: 0)        1                             
Checking that every operator was assigned to a functional unit...yes
Binding operator -> functional unit assignments:
  store i8 %56, i8* %57, align... (idx: 0) -> main_main_0_sobel_output_local_mem_dual_port_0 (mux inputs: 2)
State: LEGUP_F_main_BB__59
Binding functional unit type: elaine_512_golden_output_local_mem_dual_port
Weight matrix for operation/function unit matching:
                                                  main_elaine_512_golden_output_local_mem_dual_port_0
  %62 = load i8* %scevgep, ali... (idx: 0)        10                            
Solving Bipartite Weighted Matching (minimize weights)...
Assignment matrix after operation/function unit matching:
                                                  main_elaine_512_golden_output_local_mem_dual_port_0
  %62 = load i8* %scevgep, ali... (idx: 0)        1                             
Checking that every operator was assigned to a functional unit...yes
Binding operator -> functional unit assignments:
  %62 = load i8* %scevgep, ali... (idx: 0) -> main_elaine_512_golden_output_local_mem_dual_port_0 (mux inputs: 1)
State: LEGUP_F_main_BB__59
Binding functional unit type: main_0_sobel_output_local_mem_dual_port
Weight matrix for operation/function unit matching:
  %61 = load i8* %scevgep4, al... can share an output register with another operation already assigned to main_main_0_sobel_output_local_mem_dual_port_0
                                                  main_main_0_sobel_output_local_mem_dual_port_0
  %61 = load i8* %scevgep4, al... (idx: 0)        7                             
Solving Bipartite Weighted Matching (minimize weights)...
Assignment matrix after operation/function unit matching:
                                                  main_main_0_sobel_output_local_mem_dual_port_0
  %61 = load i8* %scevgep4, al... (idx: 0)        1                             
Checking that every operator was assigned to a functional unit...yes
Binding operator -> functional unit assignments:
  %61 = load i8* %scevgep4, al... (idx: 0) -> main_main_0_sobel_output_local_mem_dual_port_0 (mux inputs: 3)

