//----------------------------------------------------------------------------//
// Generated by LegUp High-Level Synthesis Tool Version 4.0 (http://legup.org)
// Compiled: Sun Jul 26 12:56:54 2015
// University of Toronto
// For research and academic purposes only. Commercial use is prohibited.
// Please send bugs to: legup@eecg.toronto.edu
// Date: Fri Apr 19 13:58:39 2019
//----------------------------------------------------------------------------//

-------------------------- Datapath Operation Usage --------------------------

Operation "unknown" x 46 
Operation "signed_add_32" x 19 
Operation "signed_comp_eq_32" x 5 
Operation "signed_comp_eq_8" x 1 
Operation "signed_comp_eq_mux_32" x 3 
Operation "signed_comp_eq_mux_8" x 1 
Operation "signed_comp_gt_32" x 1 
Operation "signed_comp_lt_32" x 2 
Operation "signed_multiply_32" x 2 
Operation "signed_subtract_32" x 6 

----------------------------- General Information -----------------------------

Number of declared variables in main: 82
Critical path contains operation: signed_comp_eq_mux_32

------------------------------ Resource Estimate ------------------------------

Fmax: 250 MHz
Note: Assuming only 87 DSPs available
Warning: These estimates don't account for binding yet!
Logic Elements: 2185
    Combinational: 1065
    Registers: 2057
DSP Elements: 4
