//----------------------------------------------------------------------------//
// Generated by LegUp High-Level Synthesis Tool Version 4.0 (http://legup.org)
// Compiled: Sun Jul 26 12:56:54 2015
// University of Toronto
// For research and academic purposes only. Commercial use is prohibited.
// Please send bugs to: legup@eecg.toronto.edu
// Date: Fri Apr 19 13:58:36 2019
//----------------------------------------------------------------------------//

-----------------Function: main---------------
-------------------------1---------------------------
-----------------Delay of path:17.97 ns---------------
-----------------State:LEGUP_F_main_BB_preheaderi_7-----------------
(0.00 ns) --- (0.00 ns) ---   %39 = zext i8 %38 to i32
(0.00 ns) --- (0.00 ns) ---   %40 = shl nuw nsw i32 %39, 1
(2.50 ns) --- (2.50 ns) ---   %41 = add nsw i32 %40, %35
(2.50 ns) --- (4.99 ns) ---   %45 = add nsw i32 %44, %41
(3.36 ns) --- (8.35 ns) ---   %47 = icmp slt i32 %45, 0
(3.99 ns) --- (12.34 ns) ---   %49 = select i1 %47, i32 %48, i32 %45
(2.50 ns) --- (14.84 ns) ---   %53 = add nsw i32 %52, %49
(3.13 ns) --- (17.97 ns) ---   %54 = icmp sgt i32 %53, 255

-----------------Function: main---------------
-------------------------2---------------------------
-----------------Delay of path:17.97 ns---------------
-----------------State:LEGUP_F_main_BB_preheaderi_7-----------------
(2.50 ns) --- (2.50 ns) ---   %41 = add nsw i32 %40, %35
(2.50 ns) --- (4.99 ns) ---   %45 = add nsw i32 %44, %41
(3.36 ns) --- (8.35 ns) ---   %47 = icmp slt i32 %45, 0
(3.99 ns) --- (12.34 ns) ---   %49 = select i1 %47, i32 %48, i32 %45
(2.50 ns) --- (14.84 ns) ---   %53 = add nsw i32 %52, %49
(3.13 ns) --- (17.97 ns) ---   %54 = icmp sgt i32 %53, 255

-----------------Function: main---------------
-------------------------3---------------------------
-----------------Delay of path:17.01 ns---------------
-----------------State:LEGUP_F_main_BB_preheaderi_7-----------------
(0.00 ns) --- (0.00 ns) ---   %39 = zext i8 %38 to i32
(0.00 ns) --- (0.00 ns) ---   %40 = shl nuw nsw i32 %39, 1
(2.50 ns) --- (2.50 ns) ---   %41 = add nsw i32 %40, %35
(2.50 ns) --- (4.99 ns) ---   %45 = add nsw i32 %44, %41
(2.40 ns) --- (7.40 ns) ---   %48 = sub nsw i32 0, %45
(3.99 ns) --- (11.38 ns) ---   %49 = select i1 %47, i32 %48, i32 %45
(2.50 ns) --- (13.88 ns) ---   %53 = add nsw i32 %52, %49
(3.13 ns) --- (17.01 ns) ---   %54 = icmp sgt i32 %53, 255

-----------------Function: main---------------
-------------------------4---------------------------
-----------------Delay of path:17.01 ns---------------
-----------------State:LEGUP_F_main_BB_preheaderi_7-----------------
(2.50 ns) --- (2.50 ns) ---   %41 = add nsw i32 %40, %35
(2.50 ns) --- (4.99 ns) ---   %45 = add nsw i32 %44, %41
(2.40 ns) --- (7.40 ns) ---   %48 = sub nsw i32 0, %45
(3.99 ns) --- (11.38 ns) ---   %49 = select i1 %47, i32 %48, i32 %45
(2.50 ns) --- (13.88 ns) ---   %53 = add nsw i32 %52, %49
(3.13 ns) --- (17.01 ns) ---   %54 = icmp sgt i32 %53, 255

-----------------Function: main---------------
-------------------------5---------------------------
-----------------Delay of path:15.47 ns---------------
-----------------State:LEGUP_F_main_BB_preheaderi_7-----------------
(0.00 ns) --- (0.00 ns) ---   %44 = zext i8 %43 to i32
(2.50 ns) --- (2.50 ns) ---   %45 = add nsw i32 %44, %41
(3.36 ns) --- (5.86 ns) ---   %47 = icmp slt i32 %45, 0
(3.99 ns) --- (9.85 ns) ---   %49 = select i1 %47, i32 %48, i32 %45
(2.50 ns) --- (12.34 ns) ---   %53 = add nsw i32 %52, %49
(3.13 ns) --- (15.47 ns) ---   %54 = icmp sgt i32 %53, 255

-----------------Function: main---------------
-------------------------6---------------------------
-----------------Delay of path:15.38 ns---------------
-----------------State:LEGUP_F_main_BB_preheaderi_7-----------------
(0.00 ns) --- (0.00 ns) ---   %44 = zext i8 %43 to i32
(2.40 ns) --- (2.40 ns) ---   %46 = sub i32 %36, %44
(3.36 ns) --- (5.77 ns) ---   %50 = icmp slt i32 %46, 0
(3.99 ns) --- (9.75 ns) ---   %52 = select i1 %50, i32 %51, i32 %46
(2.50 ns) --- (12.25 ns) ---   %53 = add nsw i32 %52, %49
(3.13 ns) --- (15.38 ns) ---   %54 = icmp sgt i32 %53, 255

-----------------Function: main---------------
-------------------------7---------------------------
-----------------Delay of path:15.38 ns---------------
-----------------State:LEGUP_F_main_BB_preheaderi_7-----------------
(2.40 ns) --- (2.40 ns) ---   %46 = sub i32 %36, %44
(3.36 ns) --- (5.77 ns) ---   %50 = icmp slt i32 %46, 0
(3.99 ns) --- (9.75 ns) ---   %52 = select i1 %50, i32 %51, i32 %46
(2.50 ns) --- (12.25 ns) ---   %53 = add nsw i32 %52, %49
(3.13 ns) --- (15.38 ns) ---   %54 = icmp sgt i32 %53, 255

-----------------Function: main---------------
-------------------------8---------------------------
-----------------Delay of path:14.84 ns---------------
-----------------State:LEGUP_F_main_BB_preheaderi_7-----------------
(0.00 ns) --- (0.00 ns) ---   %39 = zext i8 %38 to i32
(0.00 ns) --- (0.00 ns) ---   %40 = shl nuw nsw i32 %39, 1
(2.50 ns) --- (2.50 ns) ---   %41 = add nsw i32 %40, %35
(2.50 ns) --- (4.99 ns) ---   %45 = add nsw i32 %44, %41
(3.36 ns) --- (8.35 ns) ---   %47 = icmp slt i32 %45, 0
(3.99 ns) --- (12.34 ns) ---   %49 = select i1 %47, i32 %48, i32 %45
(2.50 ns) --- (14.84 ns) ---   %53 = add nsw i32 %52, %49
(0.00 ns) --- (14.84 ns) ---   %55 = trunc i32 %53 to i8

-----------------Function: main---------------
-------------------------9---------------------------
-----------------Delay of path:14.84 ns---------------
-----------------State:LEGUP_F_main_BB_preheaderi_7-----------------
(2.50 ns) --- (2.50 ns) ---   %41 = add nsw i32 %40, %35
(2.50 ns) --- (4.99 ns) ---   %45 = add nsw i32 %44, %41
(3.36 ns) --- (8.35 ns) ---   %47 = icmp slt i32 %45, 0
(3.99 ns) --- (12.34 ns) ---   %49 = select i1 %47, i32 %48, i32 %45
(2.50 ns) --- (14.84 ns) ---   %53 = add nsw i32 %52, %49
(0.00 ns) --- (14.84 ns) ---   %55 = trunc i32 %53 to i8

-----------------Function: main---------------
-------------------------10---------------------------
-----------------Delay of path:14.61 ns---------------
-----------------State:LEGUP_F_main_BB_preheaderi_7-----------------
(0.00 ns) --- (0.00 ns) ---   %39 = zext i8 %38 to i32
(0.00 ns) --- (0.00 ns) ---   %40 = shl nuw nsw i32 %39, 1
(2.50 ns) --- (2.50 ns) ---   %41 = add nsw i32 %40, %35
(2.50 ns) --- (4.99 ns) ---   %45 = add nsw i32 %44, %41
(3.99 ns) --- (8.98 ns) ---   %49 = select i1 %47, i32 %48, i32 %45
(2.50 ns) --- (11.48 ns) ---   %53 = add nsw i32 %52, %49
(3.13 ns) --- (14.61 ns) ---   %54 = icmp sgt i32 %53, 255


